[ementalhealthhelp.wordpress.com/index.html]
[backblue.gif]
[fade.gif]
[index.html]
[s1.wp.com/wp-content/themes/pub/varia/print9298.css]
[ementalhealthhelp.wordpress.com/feed/index.html]
[ementalhealthhelp.wordpress.com/comments/feed/index.html]
[ementalhealthhelp.wordpress.com/xmlrpc0db0.php]
[s1.wp.com/_static/index3915.html]
[ementalhealthhelp.wordpress.com/osd.xml]
[ementalhealthhelp.files.wordpress.com/2020/04/cropped-screen-shot-2017-08-09-at-12.32.42-pm-176ca.png]
[ementalhealthhelp.files.wordpress.com/2020/04/cropped-screen-shot-2017-08-09-at-12.32.42-pm-19939.png]
[ementalhealthhelp.files.wordpress.com/2020/04/cropped-screen-shot-2017-08-09-at-12.32.42-pm-1ad83.png]
[ementalhealthhelp.files.wordpress.com/2020/05/introduction-to-personality-psychology_page-1024x384-1.png]
[ementalhealthhelp.wordpress.com/covid-19/index.html]
[ementalhealthhelp.wordpress.com/blog-2/index.html]
[ementalhealthhelp.wordpress.com/e-health-2/index.html]
[ementalhealthhelp.wordpress.com/o-e-mentalnom-zdravlju/index.html]
[ementalhealthhelp.files.wordpress.com/2020/05/matt-flores-t3ju4zsixfa-unsplash2dff.jpg]
[ementalhealthhelp.wordpress.com/2020/05/19/sizofrenija/index.html]
[ementalhealthhelp.wordpress.com/2020/05/19/licna-iskustva-part-3/index.html]
[ementalhealthhelp.wordpress.com/2020/05/19/licna-iskustvapart-2/index.html]
[ementalhealthhelp.files.wordpress.com/2020/05/fabrizio-verrecchia-7ieipcj7lp4-unsplash2dff.jpg]
[ementalhealthhelp.files.wordpress.com/2020/05/lesly-juarez-dftjxyd5pto-unsplash2dff.jpg]
[ementalhealthhelp.files.wordpress.com/2020/05/jeremy-perkins-7fosjvtutac-unsplash2dff.jpg]
[ementalhealthhelp.files.wordpress.com/2020/05/tim-goedhart-vnptrdmtq30-unsplash0353.jpg]
[ementalhealthhelp.files.wordpress.com/2020/05/friends-happy-190821-800x450-175cc.jpg]
[ementalhealthhelp.files.wordpress.com/2020/05/perry-grone-lblgffladry-unsplash-12dff.jpg]
[ementalhealthhelp.files.wordpress.com/2020/05/felix-rostig-umv2wr-vbq8-unsplash2dff.jpg]
[0.gravatar.com/js/gprofiles1baf.js]
[s1.wp.com/wp-content/mu-plugins/gravatar-hovercards/wpgrohoc3b6.js]
[s0.wp.com/wp-content/mu-plugins/carousel/jetpack-carouseleced.css]
[s0.wp.com/wp-includes/js/dist/vendor/wp-polyfill-fetch.min9853.js]
[s1.wp.com/wp-includes/js/dist/vendor/wp-polyfill-node-contains.minf99f.js]
[s2.wp.com/_static/index6178.html]
[s0.wp.com/wp-includes/js/dist/vendor/wp-polyfill-dom-rect.min9c36.js]
[s2.wp.com/wp-includes/js/dist/vendor/wp-polyfill-url.min67f7.js]
[s1.wp.com/wp-includes/js/dist/vendor/wp-polyfill-formdata.min52a8.js]
[s2.wp.com/wp-includes/js/dist/vendor/wp-polyfill-element-closest.min5eac.js]
[s2.wp.com/wp-content/plugins/gutenberg-core/8.1.0/vendor/wp-polyfill-url.min.7490158baa64.js]
[s1.wp.com/wp-content/plugins/gutenberg-core/8.1.0/vendor/wp-polyfill-dom-rect.7e21c10395bc.js]
[s2.wp.com/wp-includes/js/dist/vendor/lodash.min0e28.js]
[ementalhealthhelp.wordpress.com/wp-content/plugins/ie-sitemode/custom-jumplist.php]
[stats.wp.com/w7f39.js]
[pixel.wp.com/b0b80.gif]
[ementalhealthhelp.wordpress.com/index.html]
[s1.wp.com/wp-content/themes/pub/varia/print9298.css]
[s1.wp.com/_static/index3915.html]
[ementalhealthhelp.files.wordpress.com/2020/05/0_bpj63ermmladv6cm.png]
[ementalhealthhelp.wordpress.com/author/saratalic/index.html]
[ementalhealthhelp.files.wordpress.com/2020/05/jude-beck-vxxpnk8qisa-unsplash0353.jpg]
[ementalhealthhelp.wordpress.com/2020/05/18/psiholosko-savjetovaliste-osam-besplatnih-radionica-za-studente/index.html]
[ementalhealthhelp.wordpress.com/2020/05/18/12-stvari-koje-skola-i-profesoru-mogu-uraditi-zarad-poboljsanja-mentalnog-zdravlja-ucenika/index.html]
[ementalhealthhelp.files.wordpress.com/2020/05/nathan-dumlao-qdbnndf2jz4-unsplashb3cd.jpg]
[ementalhealthhelp.files.wordpress.com/2020/05/jared-rice-ntybbu66_si-unsplash0353.jpg]
[ementalhealthhelp.wordpress.com/blog-2/index.html]
[ementalhealthhelp.wordpress.com/category/covid-19/index.html]
[ementalhealthhelp.wordpress.com/category/e-health/index.html]
[ementalhealthhelp.wordpress.com/category/dogadaji/index.html]
[ementalhealthhelp.wordpress.com/category/licna-iskustva/index.html]
[ementalhealthhelp.wordpress.com/category/motivacija/index.html]
[ementalhealthhelp.wordpress.com/category/uncategorized/index.html]
[ementalhealthhelp.files.wordpress.com/2020/05/thermometer-gun-screening-coronavirus-illustration_188398-697547.jpg]
[ementalhealthhelp.wordpress.com/covid-19/index.html]
[ementalhealthhelp.wordpress.com/category/ucestali-problemi/index.html]
[ementalhealthhelp.wordpress.com/2020/04/27/example-post-2/index.html]
[ementalhealthhelp.wordpress.com/2020/04/27/example-post/index.html]
[ementalhealthhelp.wordpress.com/2020/04/30/covid-19-i-mentalno-zdravlje/index.html]
[ementalhealthhelp.files.wordpress.com/2020/05/shutterstock_662613667_2000px.jpg]
[ementalhealthhelp.files.wordpress.com/2020/05/ippocrate-e-health-m-health-eng_sito-1400x760-1.jpg]
[ementalhealthhelp.files.wordpress.com/2020/05/maxresdefault.jpg]
[ementalhealthhelp.files.wordpress.com/2020/05/hni_ehealth.png]
[ementalhealthhelp.files.wordpress.com/2020/05/daniel-frank-wkbwamlhgno-unsplash.jpg]
[ementalhealthhelp.wordpress.com/e-health-2/index.html]
[ementalhealthhelp.wordpress.com/2020/04/30/intervju-na-temu-e-zdravstva/index.html]
[ementalhealthhelp.files.wordpress.com/2020/05/mental-health-concept-vector-illustration_39663-2677547.jpg]
[ementalhealthhelp.wordpress.com/2020/04/30/sta-treba-da-znam-o-ehealth-u/index.html]
[s0.wp.com/_static/index370c.html]
[ementalhealthhelp.files.wordpress.com/2020/05/zachary-nelson-98elr-livd8-unsplash2dff.jpg]
[ementalhealthhelp.files.wordpress.com/2020/05/4d4e8e90567755.5e1b295f50577-30353.jpg]
[ementalhealthhelp.files.wordpress.com/2020/05/hand-drawn-mental-health-concept_23-214788892986e8.jpg]
[ementalhealthhelp.wordpress.com/o-e-mentalnom-zdravlju/index.html]
[s0.wp.com/wp-content/mu-plugins/highlander-comments/style6f5b.css]
[s0.wp.com/_static/index6413.html]
[ementalhealthhelp.wordpress.com/2020/05/19/sizofrenija/feed/index.html]
[ementalhealthhelp.files.wordpress.com/2020/05/img_42702dff.jpg]
[ementalhealthhelp.wordpress.com/2020/05/19/sizofrenija/amp/index.html]
[ementalhealthhelp.files.wordpress.com/2020/05/221366_web.jpg]
[ementalhealthhelp.wordpress.com/2020/05/19/sizofrenija/index.html]
[ementalhealthhelp.wordpress.com/2020/05/19/licna-iskustva-part-3/index.html]
[ementalhealthhelp.wordpress.com/tag/bolest/index.html]
[ementalhealthhelp.wordpress.com/2020/05/19/licna-iskustvapart-2/index.html]
[ementalhealthhelp.wordpress.com/tag/sizofrenija/index.html]
[s1.wp.com/wp-content/mu-plugins/gravatar-hovercards/wpgrohoc3b6.js]
[s0.wp.com/_static/indexa85c.html]
[ementalhealthhelp.wordpress.com/2020/05/19/licna-iskustva-part-3/feed/index.html]
[ementalhealthhelp.wordpress.com/2020/05/19/licna-iskustva-part-3/amp/index.html]
[s0.wp.com/wp-content/mu-plugins/carousel/images/arrows.png]
[s0.wp.com/wp-content/mu-plugins/carousel/images/arrows-2x.png]
[ementalhealthhelp.wordpress.com/2020/05/19/licna-iskustvapart-2/feed/index.html]
[s0.wp.com/wp-content/mu-plugins/carousel/images/carousel-spritee4da.png]
[ementalhealthhelp.wordpress.com/2020/05/19/licna-iskustvapart-2/amp/index.html]
[s0.wp.com/wp-content/mu-plugins/carousel/images/carousel-sprite-2xe4da.png]
[s0.wp.com/wp-content/mu-plugins/carousel/jetpack-carouseleced.css]
[s0.wp.com/wp-includes/js/dist/vendor/wp-polyfill-fetch.min9853.js]
[s2.wp.com/wp-includes/js/dist/vendor/wp-polyfill-element-closest.min5eac.js]
[ementalhealthhelp.wordpress.com/author/saratalic/index.html]
[s0.wp.com/wp-content/themes/h4/global21a2.css]
[ementalhealthhelp.files.wordpress.com/2020/05/national-cancer-institute-n_aihp118p8-unsplash.jpg]
[ementalhealthhelp.wordpress.com/tag/anksioznost/index.html]
[ementalhealthhelp.wordpress.com/author/saratalic/feed/index.html]
[ementalhealthhelp.files.wordpress.com/2020/05/bantersnaps-9o8ydygtt64-unsplash.jpg]
[ementalhealthhelp.wordpress.com/tag/studenti/index.html]
[ementalhealthhelp.wordpress.com/author/saratalic/page/2/index.html]
[ementalhealthhelp.files.wordpress.com/2020/05/advocacy-disclosure.jpg]
[ementalhealthhelp.wordpress.com/author/saratalic/page/3/index.html]
[ementalhealthhelp.wordpress.com/author/saratalic/page/4/index.html]
[ementalhealthhelp.wordpress.com/2020/05/18/12-stvari-koje-skola-i-profesoru-mogu-uraditi-zarad-poboljsanja-mentalnog-zdravlja-ucenika/feed/index.html]
[ementalhealthhelp.files.wordpress.com/2020/05/egieucuwoaehjfa4f48.jpg]
[ementalhealthhelp.wordpress.com/2020/05/18/12-stvari-koje-skola-i-profesoru-mogu-uraditi-zarad-poboljsanja-mentalnog-zdravlja-ucenika/index.html]
[ementalhealthhelp.wordpress.com/2020/05/18/12-stvari-koje-skola-i-profesoru-mogu-uraditi-zarad-poboljsanja-mentalnog-zdravlja-ucenika/amp/index.html]
[ementalhealthhelp.files.wordpress.com/2020/05/istock-5170972931c26.jpg]
[ementalhealthhelp.wordpress.com/2020/05/18/psiholosko-savjetovaliste-osam-besplatnih-radionica-za-studente/index.html]
[ementalhealthhelp.wordpress.com/category/covid-19/index.html]
[ementalhealthhelp.wordpress.com/2020/05/18/razvoj-mozga-u-adolescenciji-i-kontrola-ponasanja/index.html]
[ementalhealthhelp.wordpress.com/category/dogadaji/index.html]
[ementalhealthhelp.wordpress.com/2020/05/18/psiholosko-savjetovaliste-osam-besplatnih-radionica-za-studente/feed/index.html]
[ementalhealthhelp.wordpress.com/2020/05/18/psiholosko-savjetovaliste-osam-besplatnih-radionica-za-studente/amp/index.html]
[ementalhealthhelp.wordpress.com/category/e-health/index.html]
[ementalhealthhelp.wordpress.com/category/licna-iskustva/index.html]
[ementalhealthhelp.wordpress.com/2020/05/04/kako-ostati-fizicki-aktivan-tokom-samoizolacije/index.html]
[ementalhealthhelp.wordpress.com/category/motivacija/index.html]
[ementalhealthhelp.wordpress.com/category/covid-19/feed/index.html]
[ementalhealthhelp.wordpress.com/tag/covid-19/index.html]
[ementalhealthhelp.wordpress.com/category/uncategorized/index.html]
[ementalhealthhelp.wordpress.com/tag/karantin/index.html]
[ementalhealthhelp.wordpress.com/2020/04/30/karantin-za-filmoljupce/index.html]
[ementalhealthhelp.wordpress.com/category/ucestali-problemi/index.html]
[ementalhealthhelp.wordpress.com/tag/trening/index.html]
[ementalhealthhelp.wordpress.com/tag/filmovi/index.html]
[ementalhealthhelp.wordpress.com/tag/mentalhealth/index.html]
[ementalhealthhelp.wordpress.com/tag/informacije/index.html]
[ementalhealthhelp.wordpress.com/tag/zastita/index.html]
[ementalhealthhelp.wordpress.com/category/dogadaji/feed/index.html]
[ementalhealthhelp.wordpress.com/category/e-health/feed/index.html]
[ementalhealthhelp.files.wordpress.com/2020/04/gettyimages-1200706447-crop.jpg]
[ementalhealthhelp.wordpress.com/tag/ehealth/index.html]
[ementalhealthhelp.wordpress.com/tag/intervju/index.html]
[ementalhealthhelp.wordpress.com/category/licna-iskustva/feed/index.html]
[ementalhealthhelp.files.wordpress.com/2020/04/markus-spiske-3_svgdspste-unsplash.jpg]
[ementalhealthhelp.wordpress.com/2020/04/27/example-post-2/index.html]
[ementalhealthhelp.wordpress.com/2020/05/04/licna-iskustva-part-1/index.html]
[ementalhealthhelp.wordpress.com/category/motivacija/feed/index.html]
[ementalhealthhelp.files.wordpress.com/2020/04/311-3116037_rubber-gloves-and-a-surgical-mask-royalty-free.jpg]
[ementalhealthhelp.wordpress.com/2020/05/03/12-motivacionih-citata-za-uspjeh/index.html]
[ementalhealthhelp.wordpress.com/tag/uspjeh/index.html]
[ementalhealthhelp.files.wordpress.com/2020/04/ani-kolleshi-vu-dazveny0-unsplash.jpg]
[ementalhealthhelp.wordpress.com/2020/05/03/kako-muzika-utice-na-ljudski-mozak/index.html]
[ementalhealthhelp.wordpress.com/tag/muzika/index.html]
[ementalhealthhelp.wordpress.com/category/uncategorized/feed/index.html]
[ementalhealthhelp.files.wordpress.com/2020/04/d7bb992c-b4a0-4104-9a75-116b7dd046d7_1920x1080.jpg]
[ementalhealthhelp.wordpress.com/category/ucestali-problemi/feed/index.html]
[ementalhealthhelp.files.wordpress.com/2020/04/unnamed.jpg]
[ementalhealthhelp.wordpress.com/2020/04/27/example-post/index.html]
[ementalhealthhelp.wordpress.com/tag/adolescent/index.html]
[ementalhealthhelp.files.wordpress.com/2020/04/mental-and-physical-health_green.png]
[ementalhealthhelp.wordpress.com/2020/05/18/5-najcescijih-simptoma-bipolarnog-poremecaja/index.html]
[ementalhealthhelp.wordpress.com/2020/05/04/starenje-i-mentalno-zdravlje/index.html]
[ementalhealthhelp.wordpress.com/tag/starenje/index.html]
[ementalhealthhelp.wordpress.com/2020/04/30/10-tehnika-kako-da-rijesite-napad-panike/index.html]
[ementalhealthhelp.wordpress.com/tag/napadpanike/index.html]
[ementalhealthhelp.wordpress.com/category/ucestali-problemi/page/2/index.html]
[ementalhealthhelp.files.wordpress.com/2020/04/g-r-mottez-lrekygwco-k-unsplash.jpg]
[ementalhealthhelp.wordpress.com/2020/04/30/covid-19-i-mentalno-zdravlje/index.html]
[ementalhealthhelp.wordpress.com/covid-19/index9a7b.html]
[ementalhealthhelp.wordpress.com/2020/04/27/example-post-2/feed/index.html]
[ementalhealthhelp.wordpress.com/2020/04/27/example-post-2/amp/index.html]
[ementalhealthhelp.wordpress.com/covid-19/index5a58.html]
[ementalhealthhelp.wordpress.com/2020/04/27/example-post/feed/index.html]
[ementalhealthhelp.wordpress.com/2020/04/27/example-post/amp/index.html]
[ementalhealthhelp.wordpress.com/2020/04/30/intervju-na-temu-e-zdravstva/index.html]
[ementalhealthhelp.wordpress.com/2020/04/30/covid-19-i-mentalno-zdravlje/feed/index.html]
[ementalhealthhelp.wordpress.com/2020/04/30/covid-19-i-mentalno-zdravlje/amp/index.html]
[ementalhealthhelp.wordpress.com/2020/04/30/intervju-na-temu-e-zdravstva/feed/index.html]
[ementalhealthhelp.wordpress.com/2020/04/30/anksioznost/index.html]
[ementalhealthhelp.files.wordpress.com/2020/04/header-1000x675-1.jpg]
[ementalhealthhelp.wordpress.com/2020/04/30/sta-treba-da-znam-o-ehealth-u/index.html]
[ementalhealthhelp.files.wordpress.com/2020/04/online-marketing-higeoqjs_ie-unsplash.jpg]
[ementalhealthhelp.wordpress.com/2020/04/30/intervju-na-temu-e-zdravstva/amp/index.html]
[ementalhealthhelp.wordpress.com/e-health-2/index9a7b.html]
[ementalhealthhelp.wordpress.com/e-health-2/index5a58.html]
[ementalhealthhelp.wordpress.com/2020/04/30/sta-treba-da-znam-o-ehealth-u/feed/index.html]
[ementalhealthhelp.wordpress.com/2020/04/30/sta-treba-da-znam-o-ehealth-u/amp/index.html]
[s0.wp.com/_static/index370c.html]
[ementalhealthhelp.wordpress.com/o-e-mentalnom-zdravlju/index9a7b.html]
[ementalhealthhelp.wordpress.com/o-e-mentalnom-zdravlju/index5a58.html]
[s0.wp.com/_static/index6413.html]
[s0.wp.com/wp-content/mu-plugins/highlander-comments/images/postto-buttons.png]
[s0.wp.com/wp-content/mu-plugins/highlander-comments/images/button-back.gif]
[s0.wp.com/wp-content/mu-plugins/highlander-comments/images/button-back-over.gif]
[s0.wp.com/wp-content/mu-plugins/highlander-comments/style6f5b.css]
[s0.wp.com/wp-content/mu-plugins/highlander-comments/images/loader.gif]
[ementalhealthhelp.wordpress.com/xmlrpc.php]
[ementalhealthhelp.files.wordpress.com/2020/05/img_4270.jpg]
[ementalhealthhelp.files.wordpress.com/2020/05/221366_web73d9.jpg]
[cdn.ampproject.org/v0.js]
[cdn.ampproject.org/v0/amp-youtube-0.1.js]
[cdn.ampproject.org/v0/amp-social-share-0.1.js]
[s2.wp.com/wp-content/plugins/amp-1.4/assets/images/placeholder-icon.png]
[pixel.wp.com/ba344.gif]
[ementalhealthhelp.wordpress.com/2020/05/19/sizofrenija/amp/index.html]
[pixel.wp.com/bee7a.gif]
[ementalhealthhelp.wordpress.com/tag/bolest/index.html]
[ementalhealthhelp.wordpress.com/tag/sizofrenija/index.html]
[ementalhealthhelp.wordpress.com/2020/05/19/sizofrenija/index9a7b.html]
[ementalhealthhelp.wordpress.com/2020/05/19/sizofrenija/index5a58.html]
[s0.wp.com/_static/indexa85c.html]
[ementalhealthhelp.wordpress.com/tag/sizofrenija/feed/index.html]
[ementalhealthhelp.wordpress.com/tag/bolest/feed/index.html]
[ementalhealthhelp.files.wordpress.com/2020/04/cropped-screen-shot-2017-08-09-at-12.32.42-pm-1ebf4.png]
[ementalhealthhelp.files.wordpress.com/2020/04/cropped-screen-shot-2017-08-09-at-12.32.42-pm-1d209.png]
[pixel.wp.com/b7657.gif]
[pixel.wp.com/b6139.gif]
[ementalhealthhelp.wordpress.com/2020/05/19/licna-iskustva-part-3/amp/index.html]
[ementalhealthhelp.wordpress.com/2020/05/19/licna-iskustva-part-3/index9a7b.html]
[ementalhealthhelp.wordpress.com/2020/05/19/licna-iskustva-part-3/index5a58.html]
[pixel.wp.com/b3ae4.gif]
[ementalhealthhelp.wordpress.com/2020/05/19/licna-iskustvapart-2/amp/index.html]
[pixel.wp.com/b333c.gif]
[ementalhealthhelp.wordpress.com/2020/05/19/licna-iskustvapart-2/index9a7b.html]
[ementalhealthhelp.wordpress.com/2020/05/19/licna-iskustvapart-2/index5a58.html]
[s0.wp.com/wp-content/themes/h4/global21a2.css]
[ementalhealthhelp.wordpress.com/tag/anksioznost/index.html]
[ementalhealthhelp.wordpress.com/tag/studenti/index.html]
[ementalhealthhelp.wordpress.com/author/saratalic/page/2/index.html]
[ementalhealthhelp.wordpress.com/author/saratalic/page/3/index.html]
[ementalhealthhelp.wordpress.com/author/saratalic/page/4/index.html]
[ementalhealthhelp.wordpress.com/tag/anksioznost/feed/index.html]
[ementalhealthhelp.wordpress.com/tag/studenti/feed/index.html]
[ementalhealthhelp.files.wordpress.com/2020/05/egieucuwoaehjfa73d9.jpg]
[pixel.wp.com/b7962.gif]
[pixel.wp.com/bd739.gif]
[ementalhealthhelp.wordpress.com/2020/05/18/12-stvari-koje-skola-i-profesoru-mogu-uraditi-zarad-poboljsanja-mentalnog-zdravlja-ucenika/amp/index.html]
[ementalhealthhelp.wordpress.com/2020/05/18/12-stvari-koje-skola-i-profesoru-mogu-uraditi-zarad-poboljsanja-mentalnog-zdravlja-ucenika/index9a7b.html]
[ementalhealthhelp.wordpress.com/2020/05/18/12-stvari-koje-skola-i-profesoru-mogu-uraditi-zarad-poboljsanja-mentalnog-zdravlja-ucenika/index5a58.html]
[ementalhealthhelp.wordpress.com/2020/05/18/razvoj-mozga-u-adolescenciji-i-kontrola-ponasanja/feed/index.html]
[ementalhealthhelp.wordpress.com/2020/05/18/razvoj-mozga-u-adolescenciji-i-kontrola-ponasanja/amp/index.html]
[ementalhealthhelp.files.wordpress.com/2020/05/tim-mossholder-bo3shp58c3g-unsplash0353.jpg]
[ementalhealthhelp.files.wordpress.com/2020/05/noah-silliman-uugr3txnuc-unsplash2dff.jpg]
[ementalhealthhelp.wordpress.com/2020/05/18/razvoj-mozga-u-adolescenciji-i-kontrola-ponasanja/index.html]
[ementalhealthhelp.files.wordpress.com/2020/05/istock-517097293.jpg]
[ementalhealthhelp.files.wordpress.com/2020/05/istock-51709729373d9.jpg]
[pixel.wp.com/b48d4.gif]
[pixel.wp.com/ba905.gif]
[ementalhealthhelp.wordpress.com/2020/05/18/psiholosko-savjetovaliste-osam-besplatnih-radionica-za-studente/amp/index.html]
[ementalhealthhelp.wordpress.com/2020/05/18/psiholosko-savjetovaliste-osam-besplatnih-radionica-za-studente/index9a7b.html]
[ementalhealthhelp.wordpress.com/2020/05/18/psiholosko-savjetovaliste-osam-besplatnih-radionica-za-studente/index5a58.html]
[ementalhealthhelp.files.wordpress.com/2020/05/stress.jpg]
[ementalhealthhelp.files.wordpress.com/2020/05/chander-r-z4wh11fmfiq-unsplash.jpg]
[ementalhealthhelp.wordpress.com/2020/05/04/kako-ostati-fizicki-aktivan-tokom-samoizolacije/index.html]
[ementalhealthhelp.wordpress.com/tag/covid-19/index.html]
[ementalhealthhelp.wordpress.com/2020/05/04/kako-ostati-fizicki-aktivan-tokom-samoizolacije/feed/index.html]
[ementalhealthhelp.wordpress.com/2020/05/04/kako-ostati-fizicki-aktivan-tokom-samoizolacije/amp/index.html]
[ementalhealthhelp.wordpress.com/tag/karantin/index.html]
[ementalhealthhelp.wordpress.com/tag/trening/index.html]
[ementalhealthhelp.wordpress.com/tag/covid-19/feed/index.html]
[ementalhealthhelp.wordpress.com/tag/karantin/feed/index.html]
[ementalhealthhelp.wordpress.com/tag/trening/feed/index.html]
[ementalhealthhelp.wordpress.com/2020/04/30/karantin-za-filmoljupce/feed/index.html]
[ementalhealthhelp.files.wordpress.com/2020/04/a-couple-watching-tv-vector.jpg]
[ementalhealthhelp.wordpress.com/2020/04/30/karantin-za-filmoljupce/amp/index.html]
[ementalhealthhelp.files.wordpress.com/2020/04/clueless-e1583305030861.jpg]
[ementalhealthhelp.files.wordpress.com/2020/04/drugo-stanje-bridget-jones-tv-premijera-174644f412d375355cbbb4a72115b242_view_article_new.png]
[ementalhealthhelp.files.wordpress.com/2020/04/godfather-ii.jpg]
[ementalhealthhelp.files.wordpress.com/2020/04/1_0nq436swvrdxls7wsl9-cq.png]
[ementalhealthhelp.wordpress.com/2020/04/30/karantin-za-filmoljupce/index.html]
[ementalhealthhelp.wordpress.com/tag/filmovi/index.html]
[ementalhealthhelp.wordpress.com/tag/mentalhealth/index.html]
[ementalhealthhelp.wordpress.com/tag/filmovi/feed/index.html]
[ementalhealthhelp.wordpress.com/tag/informacije/index.html]
[ementalhealthhelp.wordpress.com/tag/mentalhealth/feed/index.html]
[ementalhealthhelp.wordpress.com/tag/zastita/index.html]
[ementalhealthhelp.wordpress.com/tag/ehealth/index.html]
[ementalhealthhelp.wordpress.com/tag/intervju/index.html]
[ementalhealthhelp.wordpress.com/tag/informacije/feed/index.html]
[ementalhealthhelp.wordpress.com/2020/05/04/licna-iskustva-part-1/index.html]
[ementalhealthhelp.wordpress.com/tag/zastita/feed/index.html]
[ementalhealthhelp.wordpress.com/tag/ehealth/feed/index.html]
[ementalhealthhelp.wordpress.com/tag/intervju/feed/index.html]
[ementalhealthhelp.wordpress.com/2020/05/04/licna-iskustva-part-1/feed/index.html]
[ementalhealthhelp.wordpress.com/2020/05/04/licna-iskustva-part-1/amp/index.html]
[ementalhealthhelp.files.wordpress.com/2020/05/how-to-align-your-career-with-your-personal-definition-of-success-1024x682-1.jpg]
[ementalhealthhelp.files.wordpress.com/2020/05/fab-lentz-mrmqwk513hy-unsplash.jpg]
[ementalhealthhelp.files.wordpress.com/2020/05/alex-block-dqt_ncurh5a-unsplash.jpg]
[ementalhealthhelp.wordpress.com/2020/05/03/12-motivacionih-citata-za-uspjeh/index.html]
[ementalhealthhelp.wordpress.com/tag/uspjeh/index.html]
[ementalhealthhelp.wordpress.com/2020/05/03/12-motivacionih-citata-za-uspjeh/feed/index.html]
[ementalhealthhelp.wordpress.com/2020/05/03/12-motivacionih-citata-za-uspjeh/amp/index.html]
[ementalhealthhelp.files.wordpress.com/2020/05/music-and-the-brain.jpg]
[ementalhealthhelp.files.wordpress.com/2020/05/eric-nopanen-8e0ehpux3mo-unsplash.jpg]
[ementalhealthhelp.files.wordpress.com/2020/05/mark-s-t3mkjxfdims-unsplash.jpg]
[ementalhealthhelp.files.wordpress.com/2020/05/shelbey-miller-jpvpwfvadq8-unsplash.jpg]
[ementalhealthhelp.wordpress.com/2020/05/03/kako-muzika-utice-na-ljudski-mozak/index.html]
[ementalhealthhelp.wordpress.com/tag/muzika/index.html]
[ementalhealthhelp.wordpress.com/tag/adolescent/index.html]
[ementalhealthhelp.wordpress.com/tag/uspjeh/feed/index.html]
[ementalhealthhelp.wordpress.com/2020/05/03/kako-muzika-utice-na-ljudski-mozak/feed/index.html]
[ementalhealthhelp.wordpress.com/2020/05/03/kako-muzika-utice-na-ljudski-mozak/amp/index.html]
[ementalhealthhelp.files.wordpress.com/2020/05/shutterstock_1199941225_1.jpg]
[ementalhealthhelp.files.wordpress.com/2020/05/men-with-bipolar-symptoms_68708-230_48_20190620142929.jpg]
[ementalhealthhelp.wordpress.com/tag/adolescent/feed/index.html]
[ementalhealthhelp.wordpress.com/tag/muzika/feed/index.html]
[ementalhealthhelp.wordpress.com/2020/05/18/5-najcescijih-simptoma-bipolarnog-poremecaja/feed/index.html]
[ementalhealthhelp.files.wordpress.com/2020/05/illo_bipolardisorder-5a5f93f2f1300a0037ed6955.png]
[ementalhealthhelp.wordpress.com/2020/05/18/5-najcescijih-simptoma-bipolarnog-poremecaja/index.html]
[ementalhealthhelp.wordpress.com/2020/05/18/5-najcescijih-simptoma-bipolarnog-poremecaja/amp/index.html]
[ementalhealthhelp.files.wordpress.com/2020/05/istock-673695060-1.jpg]
[ementalhealthhelp.files.wordpress.com/2020/05/aaron-andrew-ang-jxmgrvyhpk0-unsplash.jpg]
[ementalhealthhelp.wordpress.com/2020/05/04/starenje-i-mentalno-zdravlje/index.html]
[ementalhealthhelp.wordpress.com/tag/starenje/index.html]
[ementalhealthhelp.wordpress.com/2020/05/04/starenje-i-mentalno-zdravlje/feed/index.html]
[ementalhealthhelp.wordpress.com/2020/05/04/starenje-i-mentalno-zdravlje/amp/index.html]
[ementalhealthhelp.wordpress.com/tag/starenje/feed/index.html]
[ementalhealthhelp.wordpress.com/2020/04/30/10-tehnika-kako-da-rijesite-napad-panike/feed/index.html]
[ementalhealthhelp.files.wordpress.com/2020/04/original_panicattack.jpg]
[ementalhealthhelp.wordpress.com/2020/04/30/10-tehnika-kako-da-rijesite-napad-panike/index.html]
[ementalhealthhelp.wordpress.com/tag/napadpanike/index.html]
[ementalhealthhelp.wordpress.com/category/ucestali-problemi/page/2/index.html]
[ementalhealthhelp.wordpress.com/tag/napadpanike/feed/index.html]
[ementalhealthhelp.wordpress.com/2020/04/30/10-tehnika-kako-da-rijesite-napad-panike/amp/index.html]
[ementalhealthhelp.files.wordpress.com/2020/04/markus-spiske-3_svgdspste-unsplash73d9.jpg]
[pixel.wp.com/b2305.gif]
[pixel.wp.com/bc088.gif]
[ementalhealthhelp.wordpress.com/2020/04/27/example-post-2/amp/index.html]
[ementalhealthhelp.files.wordpress.com/2020/04/unnamed73d9.jpg]
[pixel.wp.com/b9c4e.gif]
[pixel.wp.com/b4f24.gif]
[ementalhealthhelp.wordpress.com/2020/04/27/example-post/amp/index.html]
[pixel.wp.com/b5231.gif]
[pixel.wp.com/b8ec1.gif]
[ementalhealthhelp.wordpress.com/2020/04/30/covid-19-i-mentalno-zdravlje/amp/index.html]
[ementalhealthhelp.wordpress.com/2020/04/30/covid-19-i-mentalno-zdravlje/index9a7b.html]
[ementalhealthhelp.wordpress.com/2020/04/30/covid-19-i-mentalno-zdravlje/index5a58.html]
[ementalhealthhelp.files.wordpress.com/2020/04/anxiety-main-1576255998.jpg]
[ementalhealthhelp.wordpress.com/2020/04/30/anksioznost/feed/index.html]
[ementalhealthhelp.files.wordpress.com/2020/04/gabriel-e-b_vnmtgjy-unsplash.jpg]
[ementalhealthhelp.wordpress.com/2020/04/30/anksioznost/amp/index.html]
[ementalhealthhelp.files.wordpress.com/2020/04/aaron-blanco-tejedor-vbe9zj-jhbs-unsplash.jpg]
[ementalhealthhelp.wordpress.com/2020/04/30/anksioznost/index.html]
[pixel.wp.com/b1cad.gif]
[ementalhealthhelp.wordpress.com/2020/04/30/intervju-na-temu-e-zdravstva/amp/index.html]
[pixel.wp.com/bd8cc.gif]
[ementalhealthhelp.wordpress.com/2020/04/30/intervju-na-temu-e-zdravstva/index9a7b.html]
[ementalhealthhelp.wordpress.com/2020/04/30/intervju-na-temu-e-zdravstva/index5a58.html]
[ementalhealthhelp.files.wordpress.com/2020/04/online-marketing-higeoqjs_ie-unsplash73d9.jpg]
[pixel.wp.com/bd692.gif]
[pixel.wp.com/b283d.gif]
[ementalhealthhelp.wordpress.com/2020/04/30/sta-treba-da-znam-o-ehealth-u/amp/index.html]
[ementalhealthhelp.wordpress.com/2020/04/30/sta-treba-da-znam-o-ehealth-u/index9a7b.html]
[ementalhealthhelp.wordpress.com/2020/04/30/sta-treba-da-znam-o-ehealth-u/index5a58.html]
[ementalhealthhelp.files.wordpress.com/2020/05/tim-goedhart-vnptrdmtq30-unsplash.jpg]
[pixel.wp.com/b80f8.gif]
[pixel.wp.com/ba5c1.gif]
[ementalhealthhelp.wordpress.com/2020/05/18/razvoj-mozga-u-adolescenciji-i-kontrola-ponasanja/amp/index.html]
[ementalhealthhelp.wordpress.com/2020/05/18/razvoj-mozga-u-adolescenciji-i-kontrola-ponasanja/index9a7b.html]
[ementalhealthhelp.wordpress.com/2020/05/18/razvoj-mozga-u-adolescenciji-i-kontrola-ponasanja/index5a58.html]
[pixel.wp.com/b1324.gif]
[ementalhealthhelp.wordpress.com/2020/05/04/kako-ostati-fizicki-aktivan-tokom-samoizolacije/amp/index.html]
[pixel.wp.com/be0c5.gif]
[ementalhealthhelp.wordpress.com/2020/05/04/kako-ostati-fizicki-aktivan-tokom-samoizolacije/index9a7b.html]
[ementalhealthhelp.wordpress.com/2020/05/04/kako-ostati-fizicki-aktivan-tokom-samoizolacije/index5a58.html]
[ementalhealthhelp.files.wordpress.com/2020/04/1_0nq436swvrdxls7wsl9-cq73d9.png]
[pixel.wp.com/b5be5.gif]
[pixel.wp.com/b77b2.gif]
[ementalhealthhelp.wordpress.com/2020/04/30/karantin-za-filmoljupce/amp/index.html]
[ementalhealthhelp.wordpress.com/2020/04/30/karantin-za-filmoljupce/index9a7b.html]
[ementalhealthhelp.wordpress.com/2020/04/30/karantin-za-filmoljupce/index5a58.html]
[pixel.wp.com/ba72b.gif]
[ementalhealthhelp.wordpress.com/2020/05/04/licna-iskustva-part-1/amp/index.html]
[pixel.wp.com/b7c95.gif]
[ementalhealthhelp.wordpress.com/2020/05/04/licna-iskustva-part-1/index9a7b.html]
[ementalhealthhelp.wordpress.com/2020/05/04/licna-iskustva-part-1/index5a58.html]
[pixel.wp.com/be3a4.gif]
[ementalhealthhelp.wordpress.com/2020/05/03/12-motivacionih-citata-za-uspjeh/amp/index.html]
[ementalhealthhelp.wordpress.com/2020/05/03/12-motivacionih-citata-za-uspjeh/index9a7b.html]
[ementalhealthhelp.wordpress.com/2020/05/03/12-motivacionih-citata-za-uspjeh/index5a58.html]
[pixel.wp.com/be817.gif]
[pixel.wp.com/b6489.gif]
[ementalhealthhelp.wordpress.com/2020/05/03/kako-muzika-utice-na-ljudski-mozak/amp/index.html]
[ementalhealthhelp.wordpress.com/2020/05/03/kako-muzika-utice-na-ljudski-mozak/index9a7b.html]
[ementalhealthhelp.wordpress.com/2020/05/03/kako-muzika-utice-na-ljudski-mozak/index5a58.html]
[ementalhealthhelp.files.wordpress.com/2020/05/illo_bipolardisorder-5a5f93f2f1300a0037ed695573d9.png]
[pixel.wp.com/bb923.gif]
[pixel.wp.com/b102d.gif]
[ementalhealthhelp.wordpress.com/2020/05/18/5-najcescijih-simptoma-bipolarnog-poremecaja/amp/index.html]
[ementalhealthhelp.wordpress.com/2020/05/18/5-najcescijih-simptoma-bipolarnog-poremecaja/index9a7b.html]
[ementalhealthhelp.wordpress.com/2020/05/18/5-najcescijih-simptoma-bipolarnog-poremecaja/index5a58.html]
[pixel.wp.com/b75c0.gif]
[pixel.wp.com/bc8f2.gif]
[ementalhealthhelp.wordpress.com/2020/05/04/starenje-i-mentalno-zdravlje/amp/index.html]
[ementalhealthhelp.wordpress.com/2020/05/04/starenje-i-mentalno-zdravlje/index9a7b.html]
[ementalhealthhelp.wordpress.com/2020/05/04/starenje-i-mentalno-zdravlje/index5a58.html]
[ementalhealthhelp.files.wordpress.com/2020/04/original_panicattack73d9.jpg]
[pixel.wp.com/bdb6b.gif]
[pixel.wp.com/b6063.gif]
[ementalhealthhelp.wordpress.com/2020/04/30/10-tehnika-kako-da-rijesite-napad-panike/amp/index.html]
[ementalhealthhelp.wordpress.com/2020/04/30/10-tehnika-kako-da-rijesite-napad-panike/index9a7b.html]
[ementalhealthhelp.wordpress.com/2020/04/30/10-tehnika-kako-da-rijesite-napad-panike/index5a58.html]
[pixel.wp.com/bd4b3.gif]
[ementalhealthhelp.wordpress.com/2020/04/30/anksioznost/amp/index.html]
[pixel.wp.com/bd72a.gif]
[ementalhealthhelp.wordpress.com/2020/04/30/anksioznost/index9a7b.html]
[ementalhealthhelp.wordpress.com/2020/04/30/anksioznost/index5a58.html]
